TN:
SF:src\controllers\character.controller.ts
FN:6,<instance_members_initializer>
FN:8,getCharactersByName
FN:33,getAllCharacters
FN:51,getAllCharacterNames
FNF:4
FNH:3
FNDA:8,<instance_members_initializer>
FNDA:5,getCharactersByName
FNDA:3,getAllCharacters
FNDA:0,getAllCharacterNames
DA:1,1
DA:2,1
DA:3,1
DA:4,1
DA:5,1
DA:6,1
DA:7,8
DA:8,8
DA:9,5
DA:10,5
DA:11,5
DA:12,5
DA:13,5
DA:14,5
DA:15,5
DA:16,2
DA:17,2
DA:18,2
DA:19,2
DA:20,3
DA:21,3
DA:22,5
DA:23,1
DA:24,1
DA:25,1
DA:26,1
DA:27,1
DA:28,1
DA:29,1
DA:30,1
DA:31,8
DA:32,8
DA:33,8
DA:34,3
DA:35,3
DA:36,3
DA:37,3
DA:38,3
DA:39,3
DA:40,3
DA:41,2
DA:42,3
DA:43,1
DA:44,1
DA:45,1
DA:46,1
DA:47,1
DA:48,1
DA:49,8
DA:50,8
DA:51,8
DA:52,0
DA:53,0
DA:54,0
DA:55,0
DA:56,0
DA:57,0
DA:58,0
DA:59,0
DA:60,0
DA:61,0
DA:62,0
DA:63,0
DA:64,0
DA:65,0
DA:66,0
DA:67,1
DA:68,1
LF:68
LH:53
BRDA:6,0,0,8
BRDA:8,1,0,5
BRDA:15,2,0,4
BRDA:15,3,0,2
BRDA:20,4,0,3
BRDA:22,5,0,2
BRDA:22,6,0,1
BRDA:33,7,0,3
BRDA:41,8,0,2
BRDA:42,9,0,1
BRF:10
BRH:10
end_of_record
