TN:
SF:dist\apps\backend\src\config\config.js
FN:2,__importDefault
FNF:1
FNH:1
FNDA:1,__importDefault
DA:1,1
DA:2,1
DA:3,1
DA:4,1
DA:5,1
DA:6,1
DA:7,1
DA:8,1
DA:9,1
DA:10,1
DA:11,1
DA:12,1
DA:13,1
DA:14,1
LF:14
LH:14
BRDA:1,0,0,1
BRDA:9,1,0,0
BRDA:10,2,0,0
BRDA:11,3,0,0
BRDA:2,4,0,1
BRDA:3,5,0,0
BRF:6
BRH:2
end_of_record
TN:
SF:dist\apps\backend\src\config\database.js
FN:2,__importDefault
FNF:1
FNH:1
FNDA:2,__importDefault
DA:1,1
DA:2,1
DA:3,2
DA:4,1
DA:5,1
DA:6,1
DA:7,1
DA:8,1
DA:9,1
DA:10,1
LF:10
LH:10
BRDA:1,0,0,1
BRDA:2,1,0,2
BRDA:3,2,0,1
BRDA:3,3,0,1
BRF:4
BRH:4
end_of_record
TN:
SF:dist\apps\backend\src\controllers\character.controller.js
FN:6,<instance_members_initializer>
FN:7,getCharactersByName
FN:27,getAllCharacters
FN:40,getAllCharacterNames
FNF:4
FNH:2
FNDA:8,<instance_members_initializer>
FNDA:2,getCharactersByName
FNDA:0,getAllCharacters
FNDA:0,getAllCharacterNames
DA:1,1
DA:2,1
DA:3,1
DA:4,1
DA:5,1
DA:6,1
DA:7,8
DA:8,2
DA:9,2
DA:10,2
DA:11,2
DA:12,2
DA:13,2
DA:14,2
DA:15,0
DA:16,0
DA:17,0
DA:18,0
DA:19,0
DA:20,0
DA:21,0
DA:22,0
DA:23,0
DA:24,0
DA:25,0
DA:26,8
DA:27,8
DA:28,0
DA:29,0
DA:30,0
DA:31,0
DA:32,0
DA:33,0
DA:34,0
DA:35,0
DA:36,0
DA:37,0
DA:38,0
DA:39,8
DA:40,8
DA:41,0
DA:42,0
DA:43,0
DA:44,0
DA:45,0
DA:46,0
DA:47,0
DA:48,0
DA:49,0
DA:50,0
DA:51,0
DA:52,1
DA:53,1
DA:54,1
LF:54
LH:21
BRDA:1,0,0,1
BRDA:6,1,0,8
BRDA:7,2,0,2
BRDA:10,3,0,1
BRDA:15,4,0,0
BRF:5
BRH:4
end_of_record
TN:
SF:dist\apps\backend\src\repositories\character.repository.js
FN:5,toCharacter
FN:21,<instance_members_initializer>
FN:21,findByName
FN:32,getAllCharacters
FN:42,getAllCharacterNames
FNF:5
FNH:1
FNDA:0,toCharacter
FNDA:8,<instance_members_initializer>
FNDA:0,findByName
FNDA:0,getAllCharacters
FNDA:0,getAllCharacterNames
DA:1,1
DA:2,1
DA:3,1
DA:4,1
DA:5,0
DA:6,0
DA:7,0
DA:8,0
DA:9,0
DA:10,0
DA:11,0
DA:12,0
DA:13,0
DA:14,0
DA:15,0
DA:16,0
DA:17,0
DA:18,0
DA:19,0
DA:20,1
DA:21,1
DA:22,0
DA:23,0
DA:24,0
DA:25,0
DA:26,0
DA:27,0
DA:28,0
DA:29,0
DA:30,0
DA:31,8
DA:32,8
DA:33,0
DA:34,0
DA:35,0
DA:36,0
DA:37,0
DA:38,0
DA:39,0
DA:40,0
DA:41,8
DA:42,8
DA:43,0
DA:44,0
DA:45,0
DA:46,0
DA:47,0
DA:48,0
DA:49,0
DA:50,0
DA:51,1
DA:52,1
DA:53,1
LF:53
LH:13
BRDA:1,0,0,1
BRDA:21,1,0,8
BRF:2
BRH:2
end_of_record
TN:
SF:dist\apps\backend\src\services\character.service.js
FN:6,<instance_members_initializer>
FN:7,getCharacterByName
FN:10,getAllCharacterNames
FN:13,getAllCharacters
FNF:4
FNH:1
FNDA:8,<instance_members_initializer>
FNDA:0,getCharacterByName
FNDA:0,getAllCharacterNames
FNDA:0,getAllCharacters
DA:1,1
DA:2,1
DA:3,1
DA:4,1
DA:5,1
DA:6,1
DA:7,8
DA:8,0
DA:9,8
DA:10,8
DA:11,0
DA:12,8
DA:13,8
DA:14,0
DA:15,1
DA:16,1
DA:17,1
LF:17
LH:14
BRDA:1,0,0,1
BRDA:6,1,0,8
BRF:2
BRH:2
end_of_record
TN:
SF:src\controllers\character.controller.ts
FN:6,<instance_members_initializer>
FN:8,getCharactersByName
FN:33,getAllCharacters
FN:51,getAllCharacterNames
FNF:4
FNH:3
FNDA:8,<instance_members_initializer>
FNDA:5,getCharactersByName
FNDA:3,getAllCharacters
FNDA:0,getAllCharacterNames
DA:1,1
DA:2,1
DA:3,1
DA:4,1
DA:5,1
DA:6,1
DA:7,8
DA:8,8
DA:9,5
DA:10,5
DA:11,5
DA:12,5
DA:13,5
DA:14,5
DA:15,5
DA:16,2
DA:17,2
DA:18,2
DA:19,2
DA:20,3
DA:21,3
DA:22,5
DA:23,1
DA:24,1
DA:25,1
DA:26,1
DA:27,1
DA:28,1
DA:29,1
DA:30,1
DA:31,8
DA:32,8
DA:33,8
DA:34,3
DA:35,3
DA:36,3
DA:37,3
DA:38,3
DA:39,3
DA:40,3
DA:41,2
DA:42,3
DA:43,1
DA:44,1
DA:45,1
DA:46,1
DA:47,1
DA:48,1
DA:49,8
DA:50,8
DA:51,8
DA:52,0
DA:53,0
DA:54,0
DA:55,0
DA:56,0
DA:57,0
DA:58,0
DA:59,0
DA:60,0
DA:61,0
DA:62,0
DA:63,0
DA:64,0
DA:65,0
DA:66,0
DA:67,1
DA:68,1
LF:68
LH:53
BRDA:6,0,0,8
BRDA:8,1,0,5
BRDA:15,2,0,4
BRDA:15,3,0,2
BRDA:20,4,0,3
BRDA:22,5,0,2
BRDA:22,6,0,1
BRDA:33,7,0,3
BRDA:41,8,0,2
BRDA:42,9,0,1
BRF:10
BRH:10
end_of_record
